{"/home/gberdeaux/Projects/Perso/ShuttR/reactUiKit/src/components/Button/Button.tsx": {"path":"/home/gberdeaux/Projects/Perso/ShuttR/reactUiKit/src/components/Button/Button.tsx","statementMap":{"0":{"start":{"line":1,"column":0},"end":{"line":1,"column":37}},"1":{"start":{"line":3,"column":0},"end":{"line":3,"column":22}},"2":{"start":{"line":4,"column":0},"end":{"line":4,"column":45}},"3":{"start":{"line":6,"column":32},"end":{"line":18,"column":1}},"4":{"start":{"line":6,"column":39},"end":{"line":6,"column":41}},"5":{"start":{"line":6,"column":48},"end":{"line":6,"column":49}},"6":{"start":{"line":7,"column":2},"end":{"line":17,"column":null}},"7":{"start":{"line":20,"column":0},"end":{"line":20,"column":null}}},"fnMap":{"0":{"name":"(anonymous_7)","decl":{"start":{"line":6,"column":32},"end":{"line":6,"column":33}},"loc":{"start":{"line":6,"column":49},"end":{"line":18,"column":1}}}},"branchMap":{},"s":{"0":1,"1":1,"2":1,"3":1,"4":1,"5":1,"6":1,"7":1},"f":{"0":1},"b":{}}
,"/home/gberdeaux/Projects/Perso/ShuttR/reactUiKit/src/components/SmoothCorners/SmoothCorners.tsx": {"path":"/home/gberdeaux/Projects/Perso/ShuttR/reactUiKit/src/components/SmoothCorners/SmoothCorners.tsx","statementMap":{"0":{"start":{"line":1,"column":0},"end":{"line":1,"column":40}},"1":{"start":{"line":5,"column":46},"end":{"line":13,"column":1}},"2":{"start":{"line":6,"column":2},"end":{"line":12,"column":null}},"3":{"start":{"line":7,"column":4},"end":{"line":7,"column":null}},"4":{"start":{"line":9,"column":4},"end":{"line":11,"column":null}},"5":{"start":{"line":15,"column":0},"end":{"line":15,"column":null}}},"fnMap":{"0":{"name":"(anonymous_8)","decl":{"start":{"line":5,"column":46},"end":{"line":5,"column":47}},"loc":{"start":{"line":5,"column":52},"end":{"line":13,"column":1}}}},"branchMap":{"0":{"loc":{"start":{"line":6,"column":2},"end":{"line":12,"column":null}},"type":"if","locations":[{"start":{"line":6,"column":2},"end":{"line":12,"column":null}},{"start":{"line":8,"column":9},"end":{"line":12,"column":null}}]}},"s":{"0":1,"1":1,"2":1,"3":0,"4":1,"5":1},"f":{"0":1},"b":{"0":[0,1]}}
,"/home/gberdeaux/Projects/Perso/ShuttR/reactUiKit/src/components/SmoothCorners/index.ts": {"path":"/home/gberdeaux/Projects/Perso/ShuttR/reactUiKit/src/components/SmoothCorners/index.ts","statementMap":{"0":{"start":{"line":1,"column":0},"end":{"line":1,"column":9}},"1":{"start":{"line":1,"column":9},"end":{"line":1,"column":41}}},"fnMap":{"0":{"name":"(anonymous_1)","decl":{"start":{"line":1,"column":9},"end":{"line":1,"column":16}},"loc":{"start":{"line":1,"column":9},"end":{"line":1,"column":41}}}},"branchMap":{},"s":{"0":1,"1":2},"f":{"0":1},"b":{}}
}
